<?xml version="1.0" encoding="UTF-8"?>
<testsuites>
	<testsuite errors="0" failures="0" file=".py" name="InterfaceTest-20190715161115" skipped="0" tests="1" time="0.144" timestamp="2019-07-15T16:11:15">
		<testcase classname="InterfaceTest" file="apps\testtask\extend\run_task.py" line="26" name="test_run_cases_00001_1" time="0.144" timestamp="2019-07-15T16:11:15">
			<system-out>
<![CDATA[test_run_cases parameter_body {   "adspaces": [     {       "adspace_id": "641",       "adspace_position": 0,       "adspace_type": 4,       "allowed_html": false,       "asset": [         1,         2,         3,         4       ],       "height": 1794,       "impression_num": 1,       "impression_time": 8,       "interaction_type": [         2,         3,         7,         8,         9       ],       "keywords": "",       "open_type": 0,       "page_id": "",       "rec_type": 0,       "session_data": "",       "width": 1080     }   ],   "api_version": "1.0",   "app": {     "app_id": "68",     "app_key": "00fTrcl21mOrP4e45VXDXGaIt2Wyv3RM",     "app_keywords": "",     "app_name": "Demo",     "app_version": "1",     "category": "",     "channel_id": "",     "package_name": "com.poster.demo",     "pgnum": 18,     "newstype": "shehui"   },   "bid": "c88b655c6c9de20dd3009f36434dddvv",   "cache_hit_count": 20,   "device": {     "brand": "Meizu",     "channel": "no channel number",     "device_id": [       {         "device_id": "013679cbf1b7eee1",         "device_id_type": 3,         "hash_type": 0       },       {         "device_id": "460012051614800",         "device_id_type": 8,         "hash_type": 0       },       {         "device_id": "a4:44:d1:df:ed:51",         "device_id_type": 4,         "hash_type": 0       },       {         "device_id": "864105033413644",         "device_id_type": 10,         "hash_type": 0       },       {         "device_id": "733cac2d95c93f985c49d86a916fdshj",         "device_id_type": 1,         "hash_type": 0       },       {         "device_id": "fbd77301955b5a8c31a5a15c7b900b9e0b0ab95e",         "device_id_type": 9,         "hash_type": 0       }     ],     "device_type": 2,     "jailbreaked": false,     "language": "zh",     "model": "M5 Note",     "os_type": 2,     "os_version": "7.0",     "os_version_code": 24,     "screen_density": 3,     "screen_height": 1794,     "screen_orientation": 1,     "screen_width": 1080   },   "is_debug": false,   "need_cache_asset": true,   "network": {     "bt": "460,1,4336,7042315,-80",     "carrier_id": 70123,     "cellular_id": {       "CID": 7042315,       "LAC": 4336,       "MCC": "460",       "MNC": "01"     },     "ip": "172.21.50.225",     "is_abroad": 0,     "network_type": 1,     "real_carrier_id": "460012051614800",     "wifi_aps": [       {         "bssid": "dcda809fff40",         "is_connected": true,         "name": "Baice-AP",         "rssi": -53       },       {         "bssid": "dcda80a00191",         "is_connected": false,         "name": "Baice-AP-Guest",         "rssi": -49       },       {         "bssid": "f45c89a94125",         "is_connected": false,         "name": "AMac",         "rssi": -64       },       {         "bssid": "d076e7eaead4",         "is_connected": false,         "name": "jiayou",         "rssi": -69       },       {         "bssid": "089b4b9a2205",         "is_connected": false,         "name": "LYTR",         "rssi": -70       }     ]   },   "request_last_count": 20,   "sdk_type": "clover",   "sdk_version_code": "10200",   "ua": "Mozilla/5.0 (Linux; Android 7.0; M5 Note Build/NRD90M; wv) AppleWebKit/537.36 (KHTML, like Gecko) Version/4.0 Chrome/51.0.2074.203 Mobile Safari/537.36" }
test_run_cases  parameter_dict {'adspaces': [{'adspace_id': '641', 'adspace_position': 0, 'adspace_type': 4, 'allowed_html': False, 'asset': [1, 2, 3, 4], 'height': 1794, 'impression_num': 1, 'impression_time': 8, 'interaction_type': [2, 3, 7, 8, 9], 'keywords': '', 'open_type': 0, 'page_id': '', 'rec_type': 0, 'session_data': '', 'width': 1080}], 'api_version': '1.0', 'app': {'app_id': '68', 'app_key': '00fTrcl21mOrP4e45VXDXGaIt2Wyv3RM', 'app_keywords': '', 'app_name': 'Demo', 'app_version': '1', 'category': '', 'channel_id': '', 'package_name': 'com.poster.demo', 'pgnum': 18, 'newstype': 'shehui'}, 'bid': 'c88b655c6c9de20dd3009f36434dddvv', 'cache_hit_count': 20, 'device': {'brand': 'Meizu', 'channel': 'no channel number', 'device_id': [{'device_id': '013679cbf1b7eee1', 'device_id_type': 3, 'hash_type': 0}, {'device_id': '460012051614800', 'device_id_type': 8, 'hash_type': 0}, {'device_id': 'a4:44:d1:df:ed:51', 'device_id_type': 4, 'hash_type': 0}, {'device_id': '864105033413644', 'device_id_type': 10, 'hash_type': 0}, {'device_id': '733cac2d95c93f985c49d86a916fdshj', 'device_id_type': 1, 'hash_type': 0}, {'device_id': 'fbd77301955b5a8c31a5a15c7b900b9e0b0ab95e', 'device_id_type': 9, 'hash_type': 0}], 'device_type': 2, 'jailbreaked': False, 'language': 'zh', 'model': 'M5 Note', 'os_type': 2, 'os_version': '7.0', 'os_version_code': 24, 'screen_density': 3, 'screen_height': 1794, 'screen_orientation': 1, 'screen_width': 1080}, 'is_debug': False, 'need_cache_asset': True, 'network': {'bt': '460,1,4336,7042315,-80', 'carrier_id': 70123, 'cellular_id': {'CID': 7042315, 'LAC': 4336, 'MCC': '460', 'MNC': '01'}, 'ip': '172.21.50.225', 'is_abroad': 0, 'network_type': 1, 'real_carrier_id': '460012051614800', 'wifi_aps': [{'bssid': 'dcda809fff40', 'is_connected': True, 'name': 'Baice-AP', 'rssi': -53}, {'bssid': 'dcda80a00191', 'is_connected': False, 'name': 'Baice-AP-Guest', 'rssi': -49}, {'bssid': 'f45c89a94125', 'is_connected': False, 'name': 'AMac', 'rssi': -64}, {'bssid': 'd076e7eaead4', 'is_connected': False, 'name': 'jiayou', 'rssi': -69}, {'bssid': '089b4b9a2205', 'is_connected': False, 'name': 'LYTR', 'rssi': -70}]}, 'request_last_count': 20, 'sdk_type': 'clover', 'sdk_version_code': '10200', 'ua': 'Mozilla/5.0 (Linux; Android 7.0; M5 Note Build/NRD90M; wv) AppleWebKit/537.36 (KHTML, like Gecko) Version/4.0 Chrome/51.0.2074.203 Mobile Safari/537.36'}
json encryption == 1 ----> parameter_body http://t.hye.antuzhi.com/malacca/sdkPullAds.do?g=1 {   "adspaces": [     {       "adspace_id": "641",       "adspace_position": 0,       "adspace_type": 4,       "allowed_html": false,       "asset": [         1,         2,         3,         4       ],       "height": 1794,       "impression_num": 1,       "impression_time": 8,       "interaction_type": [         2,         3,         7,         8,         9       ],       "keywords": "",       "open_type": 0,       "page_id": "",       "rec_type": 0,       "session_data": "",       "width": 1080     }   ],   "api_version": "1.0",   "app": {     "app_id": "68",     "app_key": "00fTrcl21mOrP4e45VXDXGaIt2Wyv3RM",     "app_keywords": "",     "app_name": "Demo",     "app_version": "1",     "category": "",     "channel_id": "",     "package_name": "com.poster.demo",     "pgnum": 18,     "newstype": "shehui"   },   "bid": "c88b655c6c9de20dd3009f36434dddvv",   "cache_hit_count": 20,   "device": {     "brand": "Meizu",     "channel": "no channel number",     "device_id": [       {         "device_id": "013679cbf1b7eee1",         "device_id_type": 3,         "hash_type": 0       },       {         "device_id": "460012051614800",         "device_id_type": 8,         "hash_type": 0       },       {         "device_id": "a4:44:d1:df:ed:51",         "device_id_type": 4,         "hash_type": 0       },       {         "device_id": "864105033413644",         "device_id_type": 10,         "hash_type": 0       },       {         "device_id": "733cac2d95c93f985c49d86a916fdshj",         "device_id_type": 1,         "hash_type": 0       },       {         "device_id": "fbd77301955b5a8c31a5a15c7b900b9e0b0ab95e",         "device_id_type": 9,         "hash_type": 0       }     ],     "device_type": 2,     "jailbreaked": false,     "language": "zh",     "model": "M5 Note",     "os_type": 2,     "os_version": "7.0",     "os_version_code": 24,     "screen_density": 3,     "screen_height": 1794,     "screen_orientation": 1,     "screen_width": 1080   },   "is_debug": false,   "need_cache_asset": true,   "network": {     "bt": "460,1,4336,7042315,-80",     "carrier_id": 70123,     "cellular_id": {       "CID": 7042315,       "LAC": 4336,       "MCC": "460",       "MNC": "01"     },     "ip": "172.21.50.225",     "is_abroad": 0,     "network_type": 1,     "real_carrier_id": "460012051614800",     "wifi_aps": [       {         "bssid": "dcda809fff40",         "is_connected": true,         "name": "Baice-AP",         "rssi": -53       },       {         "bssid": "dcda80a00191",         "is_connected": false,         "name": "Baice-AP-Guest",         "rssi": -49       },       {         "bssid": "f45c89a94125",         "is_connected": false,         "name": "AMac",         "rssi": -64       },       {         "bssid": "d076e7eaead4",         "is_connected": false,         "name": "jiayou",         "rssi": -69       },       {         "bssid": "089b4b9a2205",         "is_connected": false,         "name": "LYTR",         "rssi": -70       }     ]   },   "request_last_count": 20,   "sdk_type": "clover",   "sdk_version_code": "10200",   "ua": "Mozilla/5.0 (Linux; Android 7.0; M5 Note Build/NRD90M; wv) AppleWebKit/537.36 (KHTML, like Gecko) Version/4.0 Chrome/51.0.2074.203 Mobile Safari/537.36" }
encode endeurl is : http://qa.baice100.com:9009/ende
endepost reqdata is : OhrdT455NMaxOpjSIi5%2FlEcNMIaSOBSxbh2h1OMEGC8bUucE4j%2FmrScxSpd8pRnI%2FKtdHVGkUDCcKBBDAWa3sWn5KQVrypKW3uCOclpUVqwF8vyUMUdCZzo2Sz0Ipe9x9OBY7EXSmM7TFwv%2FnZH6Pjt1grGiNRNGiTa4H8QOptX0HRipHSVWGDtq4eYWKI7K0mJ5XAnSqGKvquD6MMuEt7FQmYk7biD2txTXibGAzZ7qN9mhiHvXyAXSQS8eWW54%2FMc7PCgVXVtTXsH%2BrrP2kTmpS5ZeAxe3CoPaADWLVHKTLNd%2Fko1JISEbGkgR2NLyZaqUdvrhTYPgRQ92U3jAF0Q5vo8O4lqczZ7It3W5gH34DhNlRVtEG4ytqoVuHDliq5VwWBF9FzBB4xqru0lt5wEQIjyVBMQYrUT%2FZcSG01ph5hbD4MdmEOvEB5p3iJmYQrDCQGwulreFezOsIQFdT51aL2r0%2FNv4AfZzw7iVPJXYqamdFToga%2BwLWh5PnlVBW11200Om02uJhJutUq9K5LWwRrENpmBknl4NykFArHkanH%2Bl6lCaLfPiLV02edA76iLSeq4%2BSESvd3bI6uebMlRHEN1OHu60%2Fslk2V03VPBKhATA7LWv1h%2B93bcccN%2Bdfq%2BEyPQ91KG5b4%2B8R7vBky7kPc5sEB2eoB50PmIxDrTHJ0IsO5czHqrwsM5hpqKxJqtDPVDCs%2Ffm4eglzYDqc%2BNzSJw%2F8beMgqkuPdpYYwM6mxXHm2C8eNSZjx0J9iwWuEbfPKwDsItGw%2BPF2JP2Wfy4Www%2FujsVtUNxLBUo6A1IBFHy7v4zFbcdesO96LgJ0XK4zpJgjmJyk6QziBIw4fpmvyP8KZ2X4zVvRl6%2FyuzHU2xP7yeXIiuvA8hU%2FIekbZe9v20TJWrKbvQEPop%2F47L%2BbSAQgDj9F%2Bbvyo%2Fi%2F%2BUIZ74sfe9Br7MR3Dbvq94vMlCGvLGxS37SAtf2%2BKK58RB3JwGqyD%2B5kJQXlvN4NawAEkx5H7bM9PpO3Dw8I2lna1hvPesX4JcAANC5uPKsmhgkT%2BqHcxQ7OoyKHEkdqSZq%2FKA%2BBL7Su61RPd2xX21OPP4B9oiOHIlmbCZYb3deEVl93vULKcVY3AwnUSmZR3%2FoY9e3Lc9T30OtSUGwa7ib77L%2Bh%2B9%2BLvFkfI8ne3afcHqCKWJO8uWizwEgDS0AiGsx7xpp%2FURaxBFQpZBZOz%2B%2BGKOZq3%2BoDnkeJonHGFzX7COF%2B1KW6f1L716lXzrNGHahXYUfPpT5Jg87MkS3j1F9QU0lcw8I%2FMwgKUQyuep%2Fn340kgw2a8Vi6EmScsBUqkm1pWAK6CP%2FGfCSm%2BvZHk15plerspT9ToizumIycJ2Nmoqap1QNDKDmWDOkGv5SlFu8WfqEA%2FCT0DzhTfIWmxvd
parameter_type josn and encryption == 1  result_text [{"ads": [{"adspace_id": "641", "creative": [{"is_ad": true, "adSpaceType": 2, "adSrc": 1, "adm": {"nativ": {"buttonTxt": "", "desc": "", "img": {"height": 1560, "md5": "6839c23d0bd5e664e588570d86df3617", "url": "http://d.xm.antuzhi.com/dsp.1561697863531upload_b50c4aad_0005_439d_98f3_c5a58585e594_00000077.jpg", "width": 1080, "type": 1}, "imgList": [{"height": 1560, "md5": "6839c23d0bd5e664e588570d86df3617", "url": "http://d.xm.antuzhi.com/dsp.1561697863531upload_b50c4aad_0005_439d_98f3_c5a58585e594_00000077.jpg", "width": 1080, "type": 1}], "source": "", "title": {"text": "\u4e0b\u8f7d\u4e13\u5c5e"}}, "style": 10}, "adm_type": "3", "adspace_slot_seq": 0, "banner_id": "1153064650021707776", "brand": "", "event_track": [{"event_type": "0", "notify_url": "http://t.hyt.antuzhi.com/api/report.do?adChannel=&adId=1153064650021707776&adSpaceId=641&adSpaceType=2&adSrc=1&adTypeStr=2&adproxyId=0&appId=68&bid=c88b655c6c9de20dd3009f36434dddvv&brand=&channel_id=&detail_download_rate=0&detail_open_rate=0&deviceChannel=no+channel+number&deviceModel=M5+Note&down_x=__DOWN_X__&down_y=__DOWN_Y__&dspSpaceId=&etype=__EVENTTYPE__&geoId=&gtm=1563178274742&height=__HEIGHT__&idFromAdSrc=1153064650021707776&imei=733cac2d95c93f985c49d86a916fdshj&installPkgName=__INSTALL_PKGNAME__&network=1&nodeId=0&operators=70123&osType=2&osVersion=7.0&price=1&prov=1.0&recId=0&rt=0&sdkVersionCode=10200&settleMode=1&settlementCompany=&sign=9b5f38348988a39f9145c953c46cf6cfa02a97d13bbf341ca93e686ceb8a1d38&sip=124.127.205.82&uid=733cac2d95c93f985c49d86a916fdshj&up_x=__UP_X__&up_y=__UP_Y__&version=1&width=__WIDTH__", "plat": "UNKNOW", "url_type": 0}], "expiration_time": 1563180074, "expiration_period": 1800, "geoId": "", "idFromAdSrc": "1153064650021707776", "interaction_object": {"url": "", "url_type": 0, "intro_url": "", "deeplink": ""}, "interaction_type": "3", "open_type": 0, "price": 1, "settleMode": 1, "download_object": {"md5": "", "url": "http://d.xm.antuzhi.com/dsp.1562060977101http%3A%2F%2Fp.gdown.baidu.apk", "package_name": "com.autonavi.minimap", "size": 112760423, "app_version": "9.10.0.2503", "install_silence": false, "open_silence": false, "app_detail_url": "", "app_detail_page_open": false, "app_detail_page_download": false, "auto_download_delay_time": 0, "show_download_progress": false, "pull_installer_minimum_time": 0, "pull_installer_no_page": false, "show_fake_installer": false, "show_guide_duration": 0, "pull_installer_again_time": 0, "net_4g_direct_download": false, "show_package_size": false, "display_progress_on_list": false, "pause_resume_on_list": false, "show_action_hint": false, "show_skip_delay_time": 0, "show_swplay": false, "swplay_app_id": "", "swplay_auto_play": false, "swplay_auto_play_delay_time": 0, "swplay_play_time": 0, "swplay_auto_download": false, "show_download_notification": false, "opening_action_hint": ""}, "video_object": null, "package_name": "com.autonavi.minimap", "ad_duration": 0, "rec_detail_color": "", "rec_type": 0, "app_upload_url": "", "show_ad_sponsor": false, "load_detail_page_background": false, "wx_activate_object": null, "specs": null}]}], "bid": "c88b655c6c9de20dd3009f36434dddvv", "error_code": 0, "error_msg": "mal:", "backup": 0, "backups": [], "third_tracking": null, "cache_assets": null}, 0.082334]
]]>			</system-out>
			<system-err>
<![CDATA[]]>			</system-err>
		</testcase>
	</testsuite>
</testsuites>
